# JRE version: Java(TM) SE Runtime Environment (8.0_111-b14) (build 1.8.0_111-b14)
# Java VM: Java HotSpot(TM) 64-Bit Server VM (25.111-b14 mixed mode linux-amd64 compressed oops)
Heap:
 PSYoungGen      total 137216K, used 9081K [0x00000000ebe00000, 0x00000000f4e00000, 0x0000000100000000)
  eden space 126976K, 0% used [0x00000000ebe00000,0x00000000ebe00000,0x00000000f3a00000)
  from space 10240K, 88% used [0x00000000f3a00000,0x00000000f42de7c0,0x00000000f4400000)
  to   space 9728K, 0% used [0x00000000f4480000,0x00000000f4480000,0x00000000f4e00000)
 ParOldGen       total 37376K, used 9357K [0x00000000c3a00000, 0x00000000c5e80000, 0x00000000ebe00000)
  object space 37376K, 25% used [0x00000000c3a00000,0x00000000c4323490,0x00000000c5e80000)
 Metaspace       used 26609K, capacity 27218K, committed 27520K, reserved 1073152K
  class space    used 3145K, capacity 3335K, committed 3456K, reserved 1048576K
GC Heap History (10 events):
Event: 2,013 GC heap after
Heap after GC invocations=3 (full 0):
 PSYoungGen      total 34304K, used 2528K [0x00000000ebe00000, 0x00000000f0100000, 0x0000000100000000)
  eden space 31744K, 0% used [0x00000000ebe00000,0x00000000ebe00000,0x00000000edd00000)
  from space 2560K, 98% used [0x00000000edd00000,0x00000000edf78020,0x00000000edf80000)
  to   space 2560K, 0% used [0x00000000efe80000,0x00000000efe80000,0x00000000f0100000)
 ParOldGen       total 42496K, used 3719K [0x00000000c3a00000, 0x00000000c6380000, 0x00000000ebe00000)
  object space 42496K, 8% used [0x00000000c3a00000,0x00000000c3da1ef8,0x00000000c6380000)
 Metaspace       used 10644K, capacity 10858K, committed 11136K, reserved 1058816K
  class space    used 1319K, capacity 1383K, committed 1408K, reserved 1048576K
}
Event: 3,103 GC heap before
{Heap before GC invocations=4 (full 0):
 PSYoungGen      total 34304K, used 34272K [0x00000000ebe00000, 0x00000000f0100000, 0x0000000100000000)
  eden space 31744K, 100% used [0x00000000ebe00000,0x00000000edd00000,0x00000000edd00000)
  from space 2560K, 98% used [0x00000000edd00000,0x00000000edf78020,0x00000000edf80000)
  to   space 2560K, 0% used [0x00000000efe80000,0x00000000efe80000,0x00000000f0100000)
 ParOldGen       total 42496K, used 3719K [0x00000000c3a00000, 0x00000000c6380000, 0x00000000ebe00000)
  object space 42496K, 8% used [0x00000000c3a00000,0x00000000c3da1ef8,0x00000000c6380000)
 Metaspace       used 14469K, capacity 14742K, committed 14976K, reserved 1062912K
  class space    used 1789K, capacity 1875K, committed 1920K, reserved 1048576K
Event: 3,125 GC heap after
Heap after GC invocations=4 (full 0):
 PSYoungGen      total 66048K, used 2528K [0x00000000ebe00000, 0x00000000f0100000, 0x0000000100000000)
  eden space 63488K, 0% used [0x00000000ebe00000,0x00000000ebe00000,0x00000000efc00000)
  from space 2560K, 98% used [0x00000000efe80000,0x00000000f00f8020,0x00000000f0100000)
  to   space 2560K, 0% used [0x00000000efc00000,0x00000000efc00000,0x00000000efe80000)
 ParOldGen       total 42496K, used 8433K [0x00000000c3a00000, 0x00000000c6380000, 0x00000000ebe00000)
  object space 42496K, 19% used [0x00000000c3a00000,0x00000000c423c5d8,0x00000000c6380000)
 Metaspace       used 14469K, capacity 14742K, committed 14976K, reserved 1062912K
  class space    used 1789K, capacity 1875K, committed 1920K, reserved 1048576K
}
Event: 7,631 GC heap before
{Heap before GC invocations=5 (full 0):
 PSYoungGen      total 66048K, used 66016K [0x00000000ebe00000, 0x00000000f0100000, 0x0000000100000000)
  eden space 63488K, 100% used [0x00000000ebe00000,0x00000000efc00000,0x00000000efc00000)
  from space 2560K, 98% used [0x00000000efe80000,0x00000000f00f8020,0x00000000f0100000)
  to   space 2560K, 0% used [0x00000000efc00000,0x00000000efc00000,0x00000000efe80000)
 ParOldGen       total 42496K, used 8433K [0x00000000c3a00000, 0x00000000c6380000, 0x00000000ebe00000)
  object space 42496K, 19% used [0x00000000c3a00000,0x00000000c423c5d8,0x00000000c6380000)
 Metaspace       used 20097K, capacity 20490K, committed 20736K, reserved 1067008K
  class space    used 2376K, capacity 2541K, committed 2560K, reserved 1048576K
Event: 7,665 GC heap after
Heap after GC invocations=5 (full 0):
 PSYoungGen      total 66048K, used 2528K [0x00000000ebe00000, 0x00000000f4f00000, 0x0000000100000000)
  eden space 63488K, 0% used [0x00000000ebe00000,0x00000000ebe00000,0x00000000efc00000)
  from space 2560K, 98% used [0x00000000efc00000,0x00000000efe78020,0x00000000efe80000)
  to   space 10752K, 0% used [0x00000000f4480000,0x00000000f4480000,0x00000000f4f00000)
 ParOldGen       total 42496K, used 15047K [0x00000000c3a00000, 0x00000000c6380000, 0x00000000ebe00000)
  object space 42496K, 35% used [0x00000000c3a00000,0x00000000c48b1f50,0x00000000c6380000)
 Metaspace       used 20097K, capacity 20490K, committed 20736K, reserved 1067008K
  class space    used 2376K, capacity 2541K, committed 2560K, reserved 1048576K
}
Event: 7,916 GC heap before
{Heap before GC invocations=6 (full 0):
 PSYoungGen      total 66048K, used 16482K [0x00000000ebe00000, 0x00000000f4f00000, 0x0000000100000000)
  eden space 63488K, 21% used [0x00000000ebe00000,0x00000000ecba0a50,0x00000000efc00000)
  from space 2560K, 98% used [0x00000000efc00000,0x00000000efe78020,0x00000000efe80000)
  to   space 10752K, 0% used [0x00000000f4480000,0x00000000f4480000,0x00000000f4f00000)
 ParOldGen       total 42496K, used 15047K [0x00000000c3a00000, 0x00000000c6380000, 0x00000000ebe00000)
  object space 42496K, 35% used [0x00000000c3a00000,0x00000000c48b1f50,0x00000000c6380000)
 Metaspace       used 20677K, capacity 21090K, committed 21296K, reserved 1069056K
  class space    used 2452K, capacity 2613K, committed 2688K, reserved 1048576K
Event: 7,951 GC heap after
Heap after GC invocations=6 (full 0):
 PSYoungGen      total 136704K, used 3828K [0x00000000ebe00000, 0x00000000f4e00000, 0x0000000100000000)
  eden space 126976K, 0% used [0x00000000ebe00000,0x00000000ebe00000,0x00000000f3a00000)
  from space 9728K, 39% used [0x00000000f4480000,0x00000000f483d000,0x00000000f4e00000)
  to   space 10240K, 0% used [0x00000000f3a00000,0x00000000f3a00000,0x00000000f4400000)
 ParOldGen       total 42496K, used 15055K [0x00000000c3a00000, 0x00000000c6380000, 0x00000000ebe00000)
  object space 42496K, 35% used [0x00000000c3a00000,0x00000000c48b3f50,0x00000000c6380000)
 Metaspace       used 20677K, capacity 21090K, committed 21296K, reserved 1069056K
  class space    used 2452K, capacity 2613K, committed 2688K, reserved 1048576K
}
Event: 7,951 GC heap before
{Heap before GC invocations=7 (full 1):
 PSYoungGen      total 136704K, used 3828K [0x00000000ebe00000, 0x00000000f4e00000, 0x0000000100000000)
  eden space 126976K, 0% used [0x00000000ebe00000,0x00000000ebe00000,0x00000000f3a00000)
  from space 9728K, 39% used [0x00000000f4480000,0x00000000f483d000,0x00000000f4e00000)
  to   space 10240K, 0% used [0x00000000f3a00000,0x00000000f3a00000,0x00000000f4400000)
 ParOldGen       total 42496K, used 15055K [0x00000000c3a00000, 0x00000000c6380000, 0x00000000ebe00000)
  object space 42496K, 35% used [0x00000000c3a00000,0x00000000c48b3f50,0x00000000c6380000)
 Metaspace       used 20677K, capacity 21090K, committed 21296K, reserved 1069056K
  class space    used 2452K, capacity 2613K, committed 2688K, reserved 1048576K
Event: 8,060 GC heap after
Heap after GC invocations=7 (full 1):
 PSYoungGen      total 136704K, used 0K [0x00000000ebe00000, 0x00000000f4e00000, 0x0000000100000000)
  eden space 126976K, 0% used [0x00000000ebe00000,0x00000000ebe00000,0x00000000f3a00000)
  from space 9728K, 0% used [0x00000000f4480000,0x00000000f4480000,0x00000000f4e00000)
  to   space 10240K, 0% used [0x00000000f3a00000,0x00000000f3a00000,0x00000000f4400000)
 ParOldGen       total 37376K, used 9349K [0x00000000c3a00000, 0x00000000c5e80000, 0x00000000ebe00000)
  object space 37376K, 25% used [0x00000000c3a00000,0x00000000c4321490,0x00000000c5e80000)
 Metaspace       used 20677K, capacity 21090K, committed 21296K, reserved 1069056K
  class space    used 2452K, capacity 2613K, committed 2688K, reserved 1048576K
}
Event: 21,627 GC heap before
{Heap before GC invocations=8 (full 1):
 PSYoungGen      total 136704K, used 126976K [0x00000000ebe00000, 0x00000000f4e00000, 0x0000000100000000)
  eden space 126976K, 100% used [0x00000000ebe00000,0x00000000f3a00000,0x00000000f3a00000)
  from space 9728K, 0% used [0x00000000f4480000,0x00000000f4480000,0x00000000f4e00000)
  to   space 10240K, 0% used [0x00000000f3a00000,0x00000000f3a00000,0x00000000f4400000)
 ParOldGen       total 37376K, used 9349K [0x00000000c3a00000, 0x00000000c5e80000, 0x00000000ebe00000)
  object space 37376K, 25% used [0x00000000c3a00000,0x00000000c4321490,0x00000000c5e80000)
 Metaspace       used 26609K, capacity 27218K, committed 27520K, reserved 1073152K
  class space    used 3145K, capacity 3335K, committed 3456K, reserved 1048576K

